<?xml version="1.0" encoding="UTF-8"?>
<robot generator="Robot 5.0.1 (Python 3.10.5 on win32)" generated="20220731 18:08:27.448" rpa="false" schemaversion="3">
<suite id="s1" name="authTv" source="C:\Users\ACER\PycharmProjects\RobotFramework\Tests\ui-tests\authTv.robot">
<test id="s1-t1" name="Device Code Verification" line="13">
<kw name="Open Start Page" library="CommonFunctionality">
<kw name="Open Browser" library="SeleniumLibrary">
<arg>${start_page}</arg>
<arg>${browser}</arg>
<doc>Opens a new browser instance to the optional ``url``.</doc>
<msg timestamp="20220731 18:08:27.711" level="INFO">Opening browser 'chrome' to base url 'https://auth0.github.io/device-flow-playground/'.</msg>
<status status="PASS" starttime="20220731 18:08:27.710" endtime="20220731 18:08:31.548"/>
</kw>
<kw name="Maximize Browser Window" library="SeleniumLibrary">
<doc>Maximizes current browser window.</doc>
<status status="PASS" starttime="20220731 18:08:31.549" endtime="20220731 18:08:31.682"/>
</kw>
<status status="PASS" starttime="20220731 18:08:27.710" endtime="20220731 18:08:31.682"/>
</kw>
<kw name="Verify Start Page" library="auth_UserDefinedKeywords">
<kw name="Page Should Contain Element" library="SeleniumLibrary">
<arg>${start_button}</arg>
<doc>Verifies that element ``locator`` is found on the current page.</doc>
<msg timestamp="20220731 18:08:31.714" level="INFO">Current page contains element 'xpath = //div[@id="start-btn"]'.</msg>
<status status="PASS" starttime="20220731 18:08:31.683" endtime="20220731 18:08:31.714"/>
</kw>
<kw name="Page Should Contain Textfield" library="SeleniumLibrary">
<arg>${tenant_inp}</arg>
<doc>Verifies text field ``locator`` is found from current page.</doc>
<msg timestamp="20220731 18:08:31.792" level="INFO">Current page contains text field '//*[@id="tenant-input"]'.</msg>
<status status="PASS" starttime="20220731 18:08:31.714" endtime="20220731 18:08:31.792"/>
</kw>
<kw name="Page Should Contain Textfield" library="SeleniumLibrary">
<arg>${client_id}</arg>
<doc>Verifies text field ``locator`` is found from current page.</doc>
<msg timestamp="20220731 18:08:31.860" level="INFO">Current page contains text field '//*[@id="client-id-input"]'.</msg>
<status status="PASS" starttime="20220731 18:08:31.792" endtime="20220731 18:08:31.860"/>
</kw>
<kw name="Page Should Contain Textfield" library="SeleniumLibrary">
<arg>${audience}</arg>
<doc>Verifies text field ``locator`` is found from current page.</doc>
<msg timestamp="20220731 18:08:31.910" level="INFO">Current page contains text field '//*[@id="audience-input"]'.</msg>
<status status="PASS" starttime="20220731 18:08:31.860" endtime="20220731 18:08:31.910"/>
</kw>
<kw name="Textfield Should Contain" library="SeleniumLibrary">
<arg>${tenant_inp}</arg>
<arg>acme-demo.auth0.com</arg>
<doc>Verifies text field ``locator`` contains text ``expected``.</doc>
<msg timestamp="20220731 18:08:31.953" level="INFO">Text field '//*[@id="tenant-input"]' contains text 'acme-demo.auth0.com'.</msg>
<status status="PASS" starttime="20220731 18:08:31.911" endtime="20220731 18:08:31.953"/>
</kw>
<kw name="Textfield Should Contain" library="SeleniumLibrary">
<arg>${client_id}</arg>
<arg>nZ8JDrV8Hklf3JumewRl2ke3ovPZn5Ho</arg>
<doc>Verifies text field ``locator`` contains text ``expected``.</doc>
<msg timestamp="20220731 18:08:31.996" level="INFO">Text field '//*[@id="client-id-input"]' contains text 'nZ8JDrV8Hklf3JumewRl2ke3ovPZn5Ho'.</msg>
<status status="PASS" starttime="20220731 18:08:31.953" endtime="20220731 18:08:31.996"/>
</kw>
<kw name="Textfield Should Contain" library="SeleniumLibrary">
<arg>${audience}</arg>
<arg>urn:my-videos</arg>
<doc>Verifies text field ``locator`` contains text ``expected``.</doc>
<msg timestamp="20220731 18:08:32.033" level="INFO">Text field '//*[@id="audience-input"]' contains text 'urn:my-videos'.</msg>
<status status="PASS" starttime="20220731 18:08:31.996" endtime="20220731 18:08:32.033"/>
</kw>
<status status="PASS" starttime="20220731 18:08:31.683" endtime="20220731 18:08:32.033"/>
</kw>
<kw name="Open Authorization Page" library="auth_UserDefinedKeywords">
<kw name="Click Element" library="SeleniumLibrary">
<arg>${start_button}</arg>
<doc>Click the element identified by ``locator``.</doc>
<msg timestamp="20220731 18:08:32.034" level="INFO">Clicking element 'xpath = //div[@id="start-btn"]'.</msg>
<status status="PASS" starttime="20220731 18:08:32.034" endtime="20220731 18:08:32.100"/>
</kw>
<status status="PASS" starttime="20220731 18:08:32.033" endtime="20220731 18:08:32.100"/>
</kw>
<kw name="Verify Authorization Page" library="auth_UserDefinedKeywords">
<kw name="Page Should Contain Element" library="SeleniumLibrary">
<arg>${auth_button}</arg>
<doc>Verifies that element ``locator`` is found on the current page.</doc>
<msg timestamp="20220731 18:08:32.119" level="INFO">Current page contains element 'xpath = //div[@id="authorize-btn"]'.</msg>
<status status="PASS" starttime="20220731 18:08:32.101" endtime="20220731 18:08:32.120"/>
</kw>
<kw name="Page Should Contain" library="SeleniumLibrary">
<arg>Authorization Request</arg>
<doc>Verifies that current page contains ``text``.</doc>
<msg timestamp="20220731 18:08:32.140" level="INFO">Current page contains text 'Authorization Request'.</msg>
<status status="PASS" starttime="20220731 18:08:32.120" endtime="20220731 18:08:32.140"/>
</kw>
<status status="PASS" starttime="20220731 18:08:32.101" endtime="20220731 18:08:32.140"/>
</kw>
<kw name="Authenticate Token" library="auth_UserDefinedKeywords">
<kw name="Click Element" library="SeleniumLibrary">
<arg>${auth_button}</arg>
<doc>Click the element identified by ``locator``.</doc>
<msg timestamp="20220731 18:08:32.141" level="INFO">Clicking element 'xpath = //div[@id="authorize-btn"]'.</msg>
<status status="PASS" starttime="20220731 18:08:32.141" endtime="20220731 18:08:32.188"/>
</kw>
<kw name="Sleep" library="BuiltIn">
<arg>2s</arg>
<doc>Pauses the test executed for the given time.</doc>
<msg timestamp="20220731 18:08:34.202" level="INFO">Slept 2 seconds</msg>
<status status="PASS" starttime="20220731 18:08:32.188" endtime="20220731 18:08:34.202"/>
</kw>
<kw name="Page Should Contain" library="SeleniumLibrary">
<arg>Token Request</arg>
<doc>Verifies that current page contains ``text``.</doc>
<msg timestamp="20220731 18:08:34.217" level="INFO">Current page contains text 'Token Request'.</msg>
<status status="PASS" starttime="20220731 18:08:34.202" endtime="20220731 18:08:34.217"/>
</kw>
<kw name="Get WebElement" library="SeleniumLibrary">
<var>${code}</var>
<arg>${auth_code}</arg>
<doc>Returns the first WebElement matching the given ``locator``.</doc>
<msg timestamp="20220731 18:08:34.226" level="INFO">${code} = &lt;selenium.webdriver.remote.webelement.WebElement (session="20e25371318a60b09dd6112687e3a481", element="9820e5d8-9109-4cd3-b011-f06cf48aa0f1")&gt;</msg>
<status status="PASS" starttime="20220731 18:08:34.217" endtime="20220731 18:08:34.226"/>
</kw>
<kw name="Open Browser" library="SeleniumLibrary">
<arg>${activation_url}</arg>
<arg>${browser}</arg>
<doc>Opens a new browser instance to the optional ``url``.</doc>
<msg timestamp="20220731 18:08:34.227" level="INFO">Opening browser 'chrome' to base url 'https://acme-demo.auth0.com/activate'.</msg>
<status status="PASS" starttime="20220731 18:08:34.226" endtime="20220731 18:08:36.319"/>
</kw>
<kw name="Maximize Browser Window" library="SeleniumLibrary">
<doc>Maximizes current browser window.</doc>
<status status="PASS" starttime="20220731 18:08:36.319" endtime="20220731 18:08:36.462"/>
</kw>
<kw name="Page Should Contain Textfield" library="SeleniumLibrary">
<arg>${code_input}</arg>
<doc>Verifies text field ``locator`` is found from current page.</doc>
<msg timestamp="20220731 18:08:36.538" level="INFO">Current page contains text field '//*[@id="code"]'.</msg>
<status status="PASS" starttime="20220731 18:08:36.463" endtime="20220731 18:08:36.538"/>
</kw>
<kw name="Page Should Contain" library="SeleniumLibrary">
<arg>Device Activation</arg>
<doc>Verifies that current page contains ``text``.</doc>
<msg timestamp="20220731 18:08:36.567" level="INFO">Current page contains text 'Device Activation'.</msg>
<status status="PASS" starttime="20220731 18:08:36.538" endtime="20220731 18:08:36.567"/>
</kw>
<kw name="Page Should Contain Element" library="SeleniumLibrary">
<arg>${continue_button}</arg>
<doc>Verifies that element ``locator`` is found on the current page.</doc>
<msg timestamp="20220731 18:08:36.586" level="INFO">Current page contains element 'xpath = /html/body/div/main/section/div/div/div/form/div[2]/button'.</msg>
<status status="PASS" starttime="20220731 18:08:36.567" endtime="20220731 18:08:36.586"/>
</kw>
<kw name="Input Text" library="SeleniumLibrary">
<arg>${code_input}</arg>
<arg>${code.text}</arg>
<doc>Types the given ``text`` into the text field identified by ``locator``.</doc>
<msg timestamp="20220731 18:08:36.612" level="INFO">Typing text 'XHNZ-MHHT' into text field '//*[@id="code"]'.</msg>
<status status="PASS" starttime="20220731 18:08:36.587" endtime="20220731 18:08:36.798"/>
</kw>
<kw name="Click Element" library="SeleniumLibrary">
<arg>${continue_button}</arg>
<doc>Click the element identified by ``locator``.</doc>
<msg timestamp="20220731 18:08:36.799" level="INFO">Clicking element 'xpath = /html/body/div/main/section/div/div/div/form/div[2]/button'.</msg>
<status status="PASS" starttime="20220731 18:08:36.798" endtime="20220731 18:08:38.559"/>
</kw>
<kw name="Page Should Contain" library="SeleniumLibrary">
<arg>Device Confirmation</arg>
<doc>Verifies that current page contains ``text``.</doc>
<msg timestamp="20220731 18:08:38.572" level="INFO">Current page contains text 'Device Confirmation'.</msg>
<status status="PASS" starttime="20220731 18:08:38.559" endtime="20220731 18:08:38.572"/>
</kw>
<kw name="Page Should Contain Element" library="SeleniumLibrary">
<arg>${confirm_page2}</arg>
<doc>Verifies that element ``locator`` is found on the current page.</doc>
<msg timestamp="20220731 18:08:38.582" level="INFO">Current page contains element 'xpath = /html/body/div/main/section/div/div/div/form/div[2]/button[1]'.</msg>
<status status="PASS" starttime="20220731 18:08:38.572" endtime="20220731 18:08:38.582"/>
</kw>
<kw name="Click Element" library="SeleniumLibrary">
<arg>${confirm_page2}</arg>
<doc>Click the element identified by ``locator``.</doc>
<msg timestamp="20220731 18:08:38.583" level="INFO">Clicking element 'xpath = /html/body/div/main/section/div/div/div/form/div[2]/button[1]'.</msg>
<status status="PASS" starttime="20220731 18:08:38.583" endtime="20220731 18:08:39.883"/>
</kw>
<kw name="Input Text" library="SeleniumLibrary">
<arg>${user_name}</arg>
<arg>testnetsiden@gmail.com</arg>
<doc>Types the given ``text`` into the text field identified by ``locator``.</doc>
<msg timestamp="20220731 18:08:39.884" level="INFO">Typing text 'testnetsiden@gmail.com' into text field '//*[@id="username"]'.</msg>
<status status="PASS" starttime="20220731 18:08:39.883" endtime="20220731 18:08:40.159"/>
</kw>
<kw name="Input Password" library="SeleniumLibrary">
<arg>${password}</arg>
<arg>AppleTv#22</arg>
<doc>Types the given password into the text field identified by ``locator``.</doc>
<msg timestamp="20220731 18:08:40.159" level="INFO">Typing password into text field '//*[@id="password"]'.</msg>
<msg timestamp="20220731 18:08:40.222" level="INFO">Temporally setting log level to: NONE</msg>
<msg timestamp="20220731 18:08:40.308" level="INFO">Log level changed from NONE to INFO.</msg>
<status status="PASS" starttime="20220731 18:08:40.159" endtime="20220731 18:08:40.308"/>
</kw>
<kw name="Click Element" library="SeleniumLibrary">
<arg>${login_button}</arg>
<doc>Click the element identified by ``locator``.</doc>
<msg timestamp="20220731 18:08:40.309" level="INFO">Clicking element 'xpath= /html/body/div/main/section/div/div/div/form/div[2]/button'.</msg>
<status status="PASS" starttime="20220731 18:08:40.308" endtime="20220731 18:08:41.842"/>
</kw>
<kw name="Page Should Contain" library="SeleniumLibrary">
<arg>Congratulations</arg>
<doc>Verifies that current page contains ``text``.</doc>
<msg timestamp="20220731 18:08:41.863" level="INFO">Current page contains text 'Congratulations'.</msg>
<status status="PASS" starttime="20220731 18:08:41.842" endtime="20220731 18:08:41.863"/>
</kw>
<status status="PASS" starttime="20220731 18:08:32.141" endtime="20220731 18:08:41.863"/>
</kw>
<kw name="Close Authenticate Page" library="CommonFunctionality">
<kw name="Close Browser" library="SeleniumLibrary">
<doc>Closes the current browser.</doc>
<status status="PASS" starttime="20220731 18:08:41.864" endtime="20220731 18:08:44.036"/>
</kw>
<kw name="Sleep" library="BuiltIn">
<arg>10s</arg>
<doc>Pauses the test executed for the given time.</doc>
<msg timestamp="20220731 18:08:54.046" level="INFO">Slept 10 seconds</msg>
<status status="PASS" starttime="20220731 18:08:44.036" endtime="20220731 18:08:54.046"/>
</kw>
<status status="PASS" starttime="20220731 18:08:41.864" endtime="20220731 18:08:54.046"/>
</kw>
<kw name="Finish TestCase" library="CommonFunctionality">
<kw name="Close All Browsers" library="SeleniumLibrary">
<doc>Closes all open browsers and resets the browser cache.</doc>
<status status="PASS" starttime="20220731 18:08:54.046" endtime="20220731 18:08:56.246"/>
</kw>
<status status="PASS" starttime="20220731 18:08:54.046" endtime="20220731 18:08:56.246"/>
</kw>
<doc>Verifies the device code for TV with page</doc>
<tag>Functional</tag>
<status status="PASS" starttime="20220731 18:08:27.709" endtime="20220731 18:08:56.247"/>
</test>
<doc>TV Code Authentication</doc>
<status status="PASS" starttime="20220731 18:08:27.450" endtime="20220731 18:08:56.248"/>
</suite>
<statistics>
<total>
<stat pass="1" fail="0" skip="0">All Tests</stat>
</total>
<tag>
<stat pass="1" fail="0" skip="0">Functional</stat>
</tag>
<suite>
<stat pass="1" fail="0" skip="0" id="s1" name="authTv">authTv</stat>
</suite>
</statistics>
<errors>
</errors>
</robot>
